\BOOKMARK [1][-]{section*.3}{\376\377\000P\0001\000\051\000\040\000L\000i\000n\000e\000a\000r\000\040\000A\000l\000g\000e\000b\000r\000a\000\040\000R\000e\000v\000i\000e\000w}{}% 1
\BOOKMARK [2][-]{section*.4}{\376\377\0001\000.\000a\000\051}{section*.3}% 2
\BOOKMARK [2][-]{section*.5}{\376\377\0001\000.\000b\000\051}{section*.3}% 3
\BOOKMARK [2][-]{section*.6}{\376\377\0001\000.\000c\000\051}{section*.3}% 4
\BOOKMARK [2][-]{section*.7}{\376\377\0001\000.\000d\000\051}{section*.3}% 5
\BOOKMARK [2][-]{section*.8}{\376\377\0001\000.\000e\000\051}{section*.3}% 6
\BOOKMARK [1][-]{section*.9}{\376\377\000P\0002\000\051\000\040\000G\000r\000o\000u\000p\000\040\000A\000x\000i\000o\000m\000s}{}% 7
\BOOKMARK [2][-]{section*.10}{\376\377\0002\000.\000a\000\051}{section*.9}% 8
\BOOKMARK [2][-]{section*.11}{\376\377\0002\000.\000b\000\051}{section*.9}% 9
\BOOKMARK [2][-]{section*.12}{\376\377\0002\000.\000c\000\051}{section*.9}% 10
\BOOKMARK [2][-]{section*.13}{\376\377\0002\000.\000d\000\051}{section*.9}% 11
\BOOKMARK [2][-]{section*.14}{\376\377\0002\000.\000e\000\051}{section*.9}% 12
\BOOKMARK [1][-]{section*.15}{\376\377\000P\0003\000\051\000\040\000S\000O\000\050\0002\000\051\000\040\000P\000r\000o\000p\000e\000r\000t\000i\000e\000s}{}% 13
\BOOKMARK [2][-]{section*.16}{\376\377\0003\000.\000a\000\051}{section*.15}% 14
\BOOKMARK [2][-]{section*.17}{\376\377\0003\000.\000b\000\051}{section*.15}% 15
\BOOKMARK [2][-]{section*.18}{\376\377\0003\000.\000c\000\051}{section*.15}% 16
\BOOKMARK [2][-]{section*.19}{\376\377\0003\000.\000d\000\051}{section*.15}% 17
\BOOKMARK [2][-]{section*.20}{\376\377\0003\000.\000e\000\051}{section*.15}% 18
\BOOKMARK [1][-]{section*.21}{\376\377\000P\0004\000\051\000\040\000L\000i\000e\000\040\000A\000l\000g\000e\000b\000r\000a\000\040\000o\000f\000\040\000S\000O\000\050\0002\000\051}{}% 19
\BOOKMARK [2][-]{section*.22}{\376\377\0004\000.\000a\000\051}{section*.21}% 20
\BOOKMARK [2][-]{section*.23}{\376\377\0004\000.\000b\000\051}{section*.21}% 21
\BOOKMARK [2][-]{section*.24}{\376\377\0004\000.\000c\000\051}{section*.21}% 22
\BOOKMARK [2][-]{section*.25}{\376\377\0004\000.\000d\000\051}{section*.21}% 23
\BOOKMARK [1][-]{section*.26}{\376\377\000P\0005\000\051\000\040\000P\000y\000t\000h\000o\000n\000\040\000I\000m\000p\000l\000e\000m\000e\000n\000t\000a\000t\000i\000o\000n}{}% 24
\BOOKMARK [2][-]{section*.27}{\376\377\0005\000.\000a\000-\000d\000\051\000\040\000S\000O\000\050\0002\000\051\000\040\000M\000a\000p\000p\000i\000n\000g\000\040\000F\000u\000n\000c\000t\000i\000o\000n\000s}{section*.26}% 25
\BOOKMARK [2][-]{section*.28}{\376\377\0005\000.\000e\000\051\000\040\000U\000n\000i\000t\000\040\000T\000e\000s\000t\000s}{section*.26}% 26
